<?xml version="1.0" encoding="UTF-8"?>
<testsuite xmlns:xsi="http://www.w3.org/2001/XMLSchema-instance" xsi:noNamespaceSchemaLocation="https://maven.apache.org/surefire/maven-surefire-plugin/xsd/surefire-test-report-3.0.xsd" version="3.0" name="TestSuite" time="11.775" tests="24" errors="0" skipped="0" failures="0">
  <properties>
    <property name="gopherProxySet" value="false"/>
    <property name="awt.toolkit" value="sun.lwawt.macosx.LWCToolkit"/>
    <property name="java.specification.version" value="11"/>
    <property name="sun.cpu.isalist" value=""/>
    <property name="sun.jnu.encoding" value="UTF-8"/>
    <property name="java.class.path" value="/Users/shikander.raja/Documents/SCM_AUTOMATION/scm-platform/AjioB2C/srdemo/ITunesSearchTest/target/test-classes:/Users/shikander.raja/Documents/SCM_AUTOMATION/scm-platform/AjioB2C/srdemo/ITunesSearchTest/target/classes:/Users/shikander.raja/.m2/repository/org/testng/testng/7.8.0/testng-7.8.0.jar:/Users/shikander.raja/.m2/repository/org/slf4j/slf4j-api/1.7.36/slf4j-api-1.7.36.jar:/Users/shikander.raja/.m2/repository/com/beust/jcommander/1.82/jcommander-1.82.jar:/Users/shikander.raja/.m2/repository/org/webjars/jquery/3.6.1/jquery-3.6.1.jar:/Users/shikander.raja/.m2/repository/io/rest-assured/rest-assured/5.3.1/rest-assured-5.3.1.jar:/Users/shikander.raja/.m2/repository/org/apache/groovy/groovy/4.0.11/groovy-4.0.11.jar:/Users/shikander.raja/.m2/repository/org/apache/groovy/groovy-xml/4.0.11/groovy-xml-4.0.11.jar:/Users/shikander.raja/.m2/repository/org/apache/httpcomponents/httpclient/4.5.13/httpclient-4.5.13.jar:/Users/shikander.raja/.m2/repository/org/apache/httpcomponents/httpcore/4.4.13/httpcore-4.4.13.jar:/Users/shikander.raja/.m2/repository/commons-logging/commons-logging/1.2/commons-logging-1.2.jar:/Users/shikander.raja/.m2/repository/org/apache/httpcomponents/httpmime/4.5.13/httpmime-4.5.13.jar:/Users/shikander.raja/.m2/repository/org/hamcrest/hamcrest/2.2/hamcrest-2.2.jar:/Users/shikander.raja/.m2/repository/org/ccil/cowan/tagsoup/tagsoup/1.2.1/tagsoup-1.2.1.jar:/Users/shikander.raja/.m2/repository/io/rest-assured/json-path/5.3.1/json-path-5.3.1.jar:/Users/shikander.raja/.m2/repository/org/apache/groovy/groovy-json/4.0.11/groovy-json-4.0.11.jar:/Users/shikander.raja/.m2/repository/io/rest-assured/rest-assured-common/5.3.1/rest-assured-common-5.3.1.jar:/Users/shikander.raja/.m2/repository/io/rest-assured/xml-path/5.3.1/xml-path-5.3.1.jar:/Users/shikander.raja/.m2/repository/com/googlecode/json-simple/json-simple/1.1.1/json-simple-1.1.1.jar:/Users/shikander.raja/.m2/repository/junit/junit/4.10/junit-4.10.jar:/Users/shikander.raja/.m2/repository/org/hamcrest/hamcrest-core/1.1/hamcrest-core-1.1.jar:/Users/shikander.raja/.m2/repository/org/projectlombok/lombok-maven-plugin/1.18.20.0/lombok-maven-plugin-1.18.20.0.jar:/Users/shikander.raja/.m2/repository/org/projectlombok/lombok/1.18.20/lombok-1.18.20.jar:/Users/shikander.raja/.m2/repository/org/sonatype/plexus/plexus-build-api/0.0.7/plexus-build-api-0.0.7.jar:/Users/shikander.raja/.m2/repository/org/codehaus/plexus/plexus-utils/1.5.8/plexus-utils-1.5.8.jar:/Users/shikander.raja/.m2/repository/org/apache/poi/poi/5.2.0/poi-5.2.0.jar:/Users/shikander.raja/.m2/repository/commons-codec/commons-codec/1.15/commons-codec-1.15.jar:/Users/shikander.raja/.m2/repository/org/apache/commons/commons-collections4/4.4/commons-collections4-4.4.jar:/Users/shikander.raja/.m2/repository/org/apache/commons/commons-math3/3.6.1/commons-math3-3.6.1.jar:/Users/shikander.raja/.m2/repository/commons-io/commons-io/2.11.0/commons-io-2.11.0.jar:/Users/shikander.raja/.m2/repository/com/zaxxer/SparseBitSet/1.2/SparseBitSet-1.2.jar:/Users/shikander.raja/.m2/repository/org/apache/logging/log4j/log4j-api/2.17.1/log4j-api-2.17.1.jar:/Users/shikander.raja/.m2/repository/net/datafaker/datafaker/1.8.0/datafaker-1.8.0.jar:/Users/shikander.raja/.m2/repository/org/yaml/snakeyaml/1.33/snakeyaml-1.33.jar:/Users/shikander.raja/.m2/repository/com/github/mifmif/generex/1.0.2/generex-1.0.2.jar:/Users/shikander.raja/.m2/repository/dk/brics/automaton/automaton/1.11-8/automaton-1.11-8.jar:/Users/shikander.raja/.m2/repository/org/apache/poi/poi-ooxml/5.2.0/poi-ooxml-5.2.0.jar:/Users/shikander.raja/.m2/repository/org/apache/poi/poi-ooxml-lite/5.2.0/poi-ooxml-lite-5.2.0.jar:/Users/shikander.raja/.m2/repository/org/apache/xmlbeans/xmlbeans/5.0.3/xmlbeans-5.0.3.jar:/Users/shikander.raja/.m2/repository/org/apache/commons/commons-compress/1.21/commons-compress-1.21.jar:/Users/shikander.raja/.m2/repository/com/github/virtuald/curvesapi/1.06/curvesapi-1.06.jar:/Users/shikander.raja/.m2/repository/com/google/code/gson/gson/2.10.1/gson-2.10.1.jar:/Users/shikander.raja/.m2/repository/org/apache/commons/commons-lang3/3.13.0/commons-lang3-3.13.0.jar:"/>
    <property name="java.vm.vendor" value="Oracle Corporation"/>
    <property name="sun.arch.data.model" value="64"/>
    <property name="java.vendor.url" value="https://openjdk.java.net/"/>
    <property name="user.timezone" value="Asia/Kolkata"/>
    <property name="java.vm.specification.version" value="11"/>
    <property name="os.name" value="Mac OS X"/>
    <property name="sun.java.launcher" value="SUN_STANDARD"/>
    <property name="user.country" value="IN"/>
    <property name="sun.boot.library.path" value="/Library/Java/JavaVirtualMachines/jdk-11.0.15.jdk/Contents/Home/lib"/>
    <property name="sun.java.command" value="/Users/shikander.raja/Documents/SCM_AUTOMATION/scm-platform/AjioB2C/srdemo/ITunesSearchTest/target/surefire/surefirebooter-20230731162801954_3.jar /Users/shikander.raja/Documents/SCM_AUTOMATION/scm-platform/AjioB2C/srdemo/ITunesSearchTest/target/surefire 2023-07-31T16-28-01_782-jvmRun1 surefire-20230731162801954_1tmp surefire_0-20230731162801954_2tmp"/>
    <property name="jdk.debug" value="release"/>
    <property name="surefire.test.class.path" value="/Users/shikander.raja/Documents/SCM_AUTOMATION/scm-platform/AjioB2C/srdemo/ITunesSearchTest/target/test-classes:/Users/shikander.raja/Documents/SCM_AUTOMATION/scm-platform/AjioB2C/srdemo/ITunesSearchTest/target/classes:/Users/shikander.raja/.m2/repository/org/testng/testng/7.8.0/testng-7.8.0.jar:/Users/shikander.raja/.m2/repository/org/slf4j/slf4j-api/1.7.36/slf4j-api-1.7.36.jar:/Users/shikander.raja/.m2/repository/com/beust/jcommander/1.82/jcommander-1.82.jar:/Users/shikander.raja/.m2/repository/org/webjars/jquery/3.6.1/jquery-3.6.1.jar:/Users/shikander.raja/.m2/repository/io/rest-assured/rest-assured/5.3.1/rest-assured-5.3.1.jar:/Users/shikander.raja/.m2/repository/org/apache/groovy/groovy/4.0.11/groovy-4.0.11.jar:/Users/shikander.raja/.m2/repository/org/apache/groovy/groovy-xml/4.0.11/groovy-xml-4.0.11.jar:/Users/shikander.raja/.m2/repository/org/apache/httpcomponents/httpclient/4.5.13/httpclient-4.5.13.jar:/Users/shikander.raja/.m2/repository/org/apache/httpcomponents/httpcore/4.4.13/httpcore-4.4.13.jar:/Users/shikander.raja/.m2/repository/commons-logging/commons-logging/1.2/commons-logging-1.2.jar:/Users/shikander.raja/.m2/repository/org/apache/httpcomponents/httpmime/4.5.13/httpmime-4.5.13.jar:/Users/shikander.raja/.m2/repository/org/hamcrest/hamcrest/2.2/hamcrest-2.2.jar:/Users/shikander.raja/.m2/repository/org/ccil/cowan/tagsoup/tagsoup/1.2.1/tagsoup-1.2.1.jar:/Users/shikander.raja/.m2/repository/io/rest-assured/json-path/5.3.1/json-path-5.3.1.jar:/Users/shikander.raja/.m2/repository/org/apache/groovy/groovy-json/4.0.11/groovy-json-4.0.11.jar:/Users/shikander.raja/.m2/repository/io/rest-assured/rest-assured-common/5.3.1/rest-assured-common-5.3.1.jar:/Users/shikander.raja/.m2/repository/io/rest-assured/xml-path/5.3.1/xml-path-5.3.1.jar:/Users/shikander.raja/.m2/repository/com/googlecode/json-simple/json-simple/1.1.1/json-simple-1.1.1.jar:/Users/shikander.raja/.m2/repository/junit/junit/4.10/junit-4.10.jar:/Users/shikander.raja/.m2/repository/org/hamcrest/hamcrest-core/1.1/hamcrest-core-1.1.jar:/Users/shikander.raja/.m2/repository/org/projectlombok/lombok-maven-plugin/1.18.20.0/lombok-maven-plugin-1.18.20.0.jar:/Users/shikander.raja/.m2/repository/org/projectlombok/lombok/1.18.20/lombok-1.18.20.jar:/Users/shikander.raja/.m2/repository/org/sonatype/plexus/plexus-build-api/0.0.7/plexus-build-api-0.0.7.jar:/Users/shikander.raja/.m2/repository/org/codehaus/plexus/plexus-utils/1.5.8/plexus-utils-1.5.8.jar:/Users/shikander.raja/.m2/repository/org/apache/poi/poi/5.2.0/poi-5.2.0.jar:/Users/shikander.raja/.m2/repository/commons-codec/commons-codec/1.15/commons-codec-1.15.jar:/Users/shikander.raja/.m2/repository/org/apache/commons/commons-collections4/4.4/commons-collections4-4.4.jar:/Users/shikander.raja/.m2/repository/org/apache/commons/commons-math3/3.6.1/commons-math3-3.6.1.jar:/Users/shikander.raja/.m2/repository/commons-io/commons-io/2.11.0/commons-io-2.11.0.jar:/Users/shikander.raja/.m2/repository/com/zaxxer/SparseBitSet/1.2/SparseBitSet-1.2.jar:/Users/shikander.raja/.m2/repository/org/apache/logging/log4j/log4j-api/2.17.1/log4j-api-2.17.1.jar:/Users/shikander.raja/.m2/repository/net/datafaker/datafaker/1.8.0/datafaker-1.8.0.jar:/Users/shikander.raja/.m2/repository/org/yaml/snakeyaml/1.33/snakeyaml-1.33.jar:/Users/shikander.raja/.m2/repository/com/github/mifmif/generex/1.0.2/generex-1.0.2.jar:/Users/shikander.raja/.m2/repository/dk/brics/automaton/automaton/1.11-8/automaton-1.11-8.jar:/Users/shikander.raja/.m2/repository/org/apache/poi/poi-ooxml/5.2.0/poi-ooxml-5.2.0.jar:/Users/shikander.raja/.m2/repository/org/apache/poi/poi-ooxml-lite/5.2.0/poi-ooxml-lite-5.2.0.jar:/Users/shikander.raja/.m2/repository/org/apache/xmlbeans/xmlbeans/5.0.3/xmlbeans-5.0.3.jar:/Users/shikander.raja/.m2/repository/org/apache/commons/commons-compress/1.21/commons-compress-1.21.jar:/Users/shikander.raja/.m2/repository/com/github/virtuald/curvesapi/1.06/curvesapi-1.06.jar:/Users/shikander.raja/.m2/repository/com/google/code/gson/gson/2.10.1/gson-2.10.1.jar:/Users/shikander.raja/.m2/repository/org/apache/commons/commons-lang3/3.13.0/commons-lang3-3.13.0.jar:"/>
    <property name="sun.cpu.endian" value="little"/>
    <property name="user.home" value="/Users/shikander.raja"/>
    <property name="user.language" value="en"/>
    <property name="java.specification.vendor" value="Oracle Corporation"/>
    <property name="java.version.date" value="2022-04-19"/>
    <property name="java.home" value="/Library/Java/JavaVirtualMachines/jdk-11.0.15.jdk/Contents/Home"/>
    <property name="file.separator" value="/"/>
    <property name="basedir" value="/Users/shikander.raja/Documents/SCM_AUTOMATION/scm-platform/AjioB2C/srdemo/ITunesSearchTest"/>
    <property name="java.vm.compressedOopsMode" value="Zero based"/>
    <property name="line.separator" value="&#10;"/>
    <property name="java.specification.name" value="Java Platform API Specification"/>
    <property name="java.vm.specification.vendor" value="Oracle Corporation"/>
    <property name="java.awt.graphicsenv" value="sun.awt.CGraphicsEnvironment"/>
    <property name="surefire.real.class.path" value="/Users/shikander.raja/Documents/SCM_AUTOMATION/scm-platform/AjioB2C/srdemo/ITunesSearchTest/target/surefire/surefirebooter-20230731162801954_3.jar"/>
    <property name="sun.management.compiler" value="HotSpot 64-Bit Tiered Compilers"/>
    <property name="java.runtime.version" value="11.0.15+8-LTS-149"/>
    <property name="user.name" value="shikander.raja"/>
    <property name="path.separator" value=":"/>
    <property name="os.version" value="12.0"/>
    <property name="java.runtime.name" value="Java(TM) SE Runtime Environment"/>
    <property name="file.encoding" value="US-ASCII"/>
    <property name="java.vm.name" value="Java HotSpot(TM) 64-Bit Server VM"/>
    <property name="java.vendor.version" value="18.9"/>
    <property name="localRepository" value="/Users/shikander.raja/.m2/repository"/>
    <property name="java.vendor.url.bug" value="https://bugreport.java.com/bugreport/"/>
    <property name="java.io.tmpdir" value="/var/folders/yr/__25rmbj0lx66__rgj9x3ltxv1988q/T/"/>
    <property name="java.version" value="11.0.15"/>
    <property name="user.dir" value="/Users/shikander.raja/Documents/SCM_AUTOMATION/scm-platform/AjioB2C/srdemo/ITunesSearchTest"/>
    <property name="os.arch" value="x86_64"/>
    <property name="java.vm.specification.name" value="Java Virtual Machine Specification"/>
    <property name="java.awt.printerjob" value="sun.lwawt.macosx.CPrinterJob"/>
    <property name="sun.os.patch.level" value="unknown"/>
    <property name="java.library.path" value="/Users/shikander.raja/Library/Java/Extensions:/Library/Java/Extensions:/Network/Library/Java/Extensions:/System/Library/Java/Extensions:/usr/lib/java:."/>
    <property name="java.vendor" value="Oracle Corporation"/>
    <property name="java.vm.info" value="mixed mode"/>
    <property name="java.vm.version" value="11.0.15+8-LTS-149"/>
    <property name="sun.io.unicode.encoding" value="UnicodeBig"/>
    <property name="java.class.version" value="55.0"/>
  </properties>
  <testcase name="testSearchWithDifferentParams[ITunesSearch(term=jack+johnson, limit=25, entity=, country=, media=movie, lang=)](1)" classname="com.apple.developer.itunes.search.api.test.TestSearchAPIForParameterKeyTerm" time="5.282">
    <system-out><![CDATA[Request URI:	https://itunes.apple.com/search?country=&limit=25&term=jack%2Bjohnson&media=movie&lang=&entity=
]]></system-out>
    <system-err><![CDATA[SLF4J: Failed to load class "org.slf4j.impl.StaticLoggerBinder".
SLF4J: Defaulting to no-operation (NOP) logger implementation
SLF4J: See http://www.slf4j.org/codes.html#StaticLoggerBinder for further details.
ERROR StatusLogger Log4j2 could not find a logging implementation. Please add log4j-core to the classpath. Using SimpleLogger to log to the console...
Cleaning up unclosed ZipFile for archive /Users/shikander.raja/Documents/SCM_AUTOMATION/scm-platform/AjioB2C/srdemo/ITunesSearchTest/src/test/resources/testdata/SearchTermData.xlsx
]]></system-err>
  </testcase>
  <testcase name="testSearchWithDifferentParams[ITunesSearch(term=jack+johnson, limit=, entity=, country=, media=podcast, lang=)](2)" classname="com.apple.developer.itunes.search.api.test.TestSearchAPIForParameterKeyTerm" time="0.222">
    <system-out><![CDATA[Request URI:	https://itunes.apple.com/search?country=&limit=&term=jack%2Bjohnson&media=podcast&lang=&entity=
]]></system-out>
  </testcase>
  <testcase name="testSearchWithDifferentParams[ITunesSearch(term=jack+johnson, limit=, entity=, country=, media=music, lang=)](3)" classname="com.apple.developer.itunes.search.api.test.TestSearchAPIForParameterKeyTerm" time="0.264">
    <system-out><![CDATA[Request URI:	https://itunes.apple.com/search?country=&limit=&term=jack%2Bjohnson&media=music&lang=&entity=
]]></system-out>
  </testcase>
  <testcase name="testSearchWithDifferentParams[ITunesSearch(term=jack+johnson, limit=, entity=, country=, media=musicVideo, lang=)](4)" classname="com.apple.developer.itunes.search.api.test.TestSearchAPIForParameterKeyTerm" time="0.184">
    <system-out><![CDATA[Request URI:	https://itunes.apple.com/search?country=&limit=&term=jack%2Bjohnson&media=musicVideo&lang=&entity=
]]></system-out>
  </testcase>
  <testcase name="testSearchWithDifferentParams[ITunesSearch(term=jack+johnson, limit=, entity=, country=, media=audiobook, lang=)](5)" classname="com.apple.developer.itunes.search.api.test.TestSearchAPIForParameterKeyTerm" time="0.172">
    <system-out><![CDATA[Request URI:	https://itunes.apple.com/search?country=&limit=&term=jack%2Bjohnson&media=audiobook&lang=&entity=
]]></system-out>
  </testcase>
  <testcase name="testSearchWithDifferentParams[ITunesSearch(term=jack+johnson, limit=, entity=, country=, media=shortFilm, lang=)](6)" classname="com.apple.developer.itunes.search.api.test.TestSearchAPIForParameterKeyTerm" time="0.142">
    <system-out><![CDATA[Request URI:	https://itunes.apple.com/search?country=&limit=&term=jack%2Bjohnson&media=shortFilm&lang=&entity=
]]></system-out>
  </testcase>
  <testcase name="testSearchWithDifferentParams[ITunesSearch(term=jack+johnson, limit=, entity=, country=, media=tvShow, lang=)](7)" classname="com.apple.developer.itunes.search.api.test.TestSearchAPIForParameterKeyTerm" time="0.167">
    <system-out><![CDATA[Request URI:	https://itunes.apple.com/search?country=&limit=&term=jack%2Bjohnson&media=tvShow&lang=&entity=
]]></system-out>
  </testcase>
  <testcase name="testSearchWithDifferentParams[ITunesSearch(term=jack+johnson, limit=, entity=, country=, media=software, lang=)](8)" classname="com.apple.developer.itunes.search.api.test.TestSearchAPIForParameterKeyTerm" time="0.157">
    <system-out><![CDATA[Request URI:	https://itunes.apple.com/search?country=&limit=&term=jack%2Bjohnson&media=software&lang=&entity=
]]></system-out>
  </testcase>
  <testcase name="testSearchWithDifferentParams[ITunesSearch(term=jack+johnson, limit=, entity=, country=, media=ebook, lang=)](9)" classname="com.apple.developer.itunes.search.api.test.TestSearchAPIForParameterKeyTerm" time="0.161">
    <system-out><![CDATA[Request URI:	https://itunes.apple.com/search?country=&limit=&term=jack%2Bjohnson&media=ebook&lang=&entity=
]]></system-out>
  </testcase>
  <testcase name="testSearchWithDifferentParams[ITunesSearch(term=jack+johnson, limit=, entity=, country=, media=all, lang=)](10)" classname="com.apple.developer.itunes.search.api.test.TestSearchAPIForParameterKeyTerm" time="0.295">
    <system-out><![CDATA[Request URI:	https://itunes.apple.com/search?country=&limit=&term=jack%2Bjohnson&media=all&lang=&entity=
]]></system-out>
  </testcase>
  <testcase name="testSearchWithDifferentParams[ITunesSearch(term=jack+johnson, limit=, entity=, country=ca, media=, lang=)](11)" classname="com.apple.developer.itunes.search.api.test.TestSearchAPIForParameterKeyTerm" time="0.201">
    <system-out><![CDATA[Request URI:	https://itunes.apple.com/search?country=ca&limit=&term=jack%2Bjohnson&media=&lang=&entity=
]]></system-out>
  </testcase>
  <testcase name="testSearchWithDifferentParams[ITunesSearch(term=yelp, limit=, entity=software, country=us, media=, lang=)](12)" classname="com.apple.developer.itunes.search.api.test.TestSearchAPIForParameterKeyTerm" time="0.34">
    <system-out><![CDATA[Request URI:	https://itunes.apple.com/search?country=us&limit=&term=yelp&media=&lang=&entity=software
]]></system-out>
  </testcase>
  <testcase name="testSearchWithDifferentParams[ITunesSearch(term=jack+johnson, limit=, entity=, country=, media=, lang=en_us)](13)" classname="com.apple.developer.itunes.search.api.test.TestSearchAPIForParameterKeyTerm" time="0.16">
    <system-out><![CDATA[Request URI:	https://itunes.apple.com/search?country=&limit=&term=jack%2Bjohnson&media=&lang=en_us&entity=
]]></system-out>
  </testcase>
  <testcase name="testSearchWithDifferentParams[ITunesSearch(term=jack+johnson, limit=, entity=, country=, media=, lang=ja_jp)](14)" classname="com.apple.developer.itunes.search.api.test.TestSearchAPIForParameterKeyTerm" time="0.236">
    <system-out><![CDATA[Request URI:	https://itunes.apple.com/search?country=&limit=&term=jack%2Bjohnson&media=&lang=ja_jp&entity=
]]></system-out>
  </testcase>
  <testcase name="testLookupWithDifferentParams[ITunesLookup(id=909253, amgArtistId=, entity=, limit=, sort=, upc=, amgAlbumId=, amgVideoId=, isbn=)](1)" classname="com.apple.developer.itunes.search.api.test.TestSearchAPIForParameterKeyLookup" time="0.212">
    <system-out><![CDATA[Request URI:	https://itunes.apple.com/lookup?amgAlbumId=&amgArtistId=&isbn=&limit=&upc=&id=909253&sort=&entity=&amgVideoId=
]]></system-out>
  </testcase>
  <testcase name="testLookupWithDifferentParams[ITunesLookup(id=284910350, amgArtistId=, entity=, limit=, sort=, upc=, amgAlbumId=, amgVideoId=, isbn=)](2)" classname="com.apple.developer.itunes.search.api.test.TestSearchAPIForParameterKeyLookup" time="0.17">
    <system-out><![CDATA[Request URI:	https://itunes.apple.com/lookup?amgAlbumId=&amgArtistId=&isbn=&limit=&upc=&id=284910350&sort=&entity=&amgVideoId=
]]></system-out>
  </testcase>
  <testcase name="testLookupWithDifferentParams[ITunesLookup(id=, amgArtistId=468749, entity=, limit=, sort=, upc=, amgAlbumId=, amgVideoId=, isbn=)](3)" classname="com.apple.developer.itunes.search.api.test.TestSearchAPIForParameterKeyLookup" time="0.128">
    <system-out><![CDATA[Request URI:	https://itunes.apple.com/lookup?amgAlbumId=&amgArtistId=468749&isbn=&limit=&upc=&id=&sort=&entity=&amgVideoId=
]]></system-out>
  </testcase>
  <testcase name="testLookupWithDifferentParams[ITunesLookup(id=, amgArtistId=468749,5723, entity=, limit=, sort=, upc=, amgAlbumId=, amgVideoId=, isbn=)](4)" classname="com.apple.developer.itunes.search.api.test.TestSearchAPIForParameterKeyLookup" time="0.132">
    <system-out><![CDATA[Request URI:	https://itunes.apple.com/lookup?amgAlbumId=&amgArtistId=468749%2C5723&isbn=&limit=&upc=&id=&sort=&entity=&amgVideoId=
]]></system-out>
  </testcase>
  <testcase name="testLookupWithDifferentParams[ITunesLookup(id=909253, amgArtistId=, entity=album, limit=, sort=, upc=, amgAlbumId=, amgVideoId=, isbn=)](5)" classname="com.apple.developer.itunes.search.api.test.TestSearchAPIForParameterKeyLookup" time="0.136">
    <system-out><![CDATA[Request URI:	https://itunes.apple.com/lookup?amgAlbumId=&amgArtistId=&isbn=&limit=&upc=&id=909253&sort=&entity=album&amgVideoId=
]]></system-out>
  </testcase>
  <testcase name="testLookupWithDifferentParams[ITunesLookup(id=, amgArtistId=68749,5723, entity=album, limit=5, sort=, upc=, amgAlbumId=, amgVideoId=, isbn=)](6)" classname="com.apple.developer.itunes.search.api.test.TestSearchAPIForParameterKeyLookup" time="0.109">
    <system-out><![CDATA[Request URI:	https://itunes.apple.com/lookup?amgAlbumId=&amgArtistId=68749%2C5723&isbn=&limit=5&upc=&id=&sort=&entity=album&amgVideoId=
]]></system-out>
  </testcase>
  <testcase name="testLookupWithDifferentParams[ITunesLookup(id=, amgArtistId=468749,5723, entity=song, limit=5, sort=recent, upc=, amgAlbumId=, amgVideoId=, isbn=)](7)" classname="com.apple.developer.itunes.search.api.test.TestSearchAPIForParameterKeyLookup" time="0.114">
    <system-out><![CDATA[Request URI:	https://itunes.apple.com/lookup?amgAlbumId=&amgArtistId=468749%2C5723&isbn=&limit=5&upc=&id=&sort=recent&entity=song&amgVideoId=
]]></system-out>
  </testcase>
  <testcase name="testLookupWithDifferentParams[ITunesLookup(id=, amgArtistId=, entity=song, limit=, sort=, upc=720642462928, amgAlbumId=15175,15176,15177,15178,15183,15184,15187,1519,15191,15195,15197,15198, amgVideoId=, isbn=)](8)" classname="com.apple.developer.itunes.search.api.test.TestSearchAPIForParameterKeyLookup" time="0.145">
    <system-out><![CDATA[Request URI:	https://itunes.apple.com/lookup?amgAlbumId=15175%2C15176%2C15177%2C15178%2C15183%2C15184%2C15187%2C1519%2C15191%2C15195%2C15197%2C15198&amgArtistId=&isbn=&limit=&upc=720642462928&id=&sort=&entity=song&amgVideoId=
]]></system-out>
  </testcase>
  <testcase name="testLookupWithDifferentParams[ITunesLookup(id=, amgArtistId=, entity=, limit=, sort=, upc=, amgAlbumId=17120, amgVideoId=, isbn=)](9)" classname="com.apple.developer.itunes.search.api.test.TestSearchAPIForParameterKeyLookup" time="0.129">
    <system-out><![CDATA[Request URI:	https://itunes.apple.com/lookup?amgAlbumId=17120&amgArtistId=&isbn=&limit=&upc=&id=&sort=&entity=&amgVideoId=
]]></system-out>
  </testcase>
  <testcase name="testLookupWithDifferentParams[ITunesLookup(id=, amgArtistId=, entity=, limit=, sort=, upc=, amgAlbumId=, amgVideoId=, isbn=9780316069359)](10)" classname="com.apple.developer.itunes.search.api.test.TestSearchAPIForParameterKeyLookup" time="0.113">
    <system-out><![CDATA[Request URI:	https://itunes.apple.com/lookup?amgAlbumId=&amgArtistId=&isbn=9780316069359&limit=&upc=&id=&sort=&entity=&amgVideoId=
]]></system-out>
  </testcase>
</testsuite>