<?xml version="1.0" encoding="UTF-8"?>
<!-- Generated by org.testng.reporters.JUnitReportReporter -->
<testsuite hostname="LM0003262" failures="0" tests="10" name="com.apple.developer.itunes.search.api.test.TestSearchAPIForParameterKeyLookup" time="1.433" errors="0" timestamp="2023-07-31T16:28:14 IST" skipped="0">
  <testcase classname="com.apple.developer.itunes.search.api.test.TestSearchAPIForParameterKeyLookup" name="testLookupWithDifferentParams" time="0.259"/>
  <testcase classname="com.apple.developer.itunes.search.api.test.TestSearchAPIForParameterKeyLookup" name="testLookupWithDifferentParams" time="0.108"/>
  <testcase classname="com.apple.developer.itunes.search.api.test.TestSearchAPIForParameterKeyLookup" name="testLookupWithDifferentParams" time="0.113"/>
  <testcase classname="com.apple.developer.itunes.search.api.test.TestSearchAPIForParameterKeyLookup" name="testLookupWithDifferentParams" time="0.128"/>
  <testcase classname="com.apple.developer.itunes.search.api.test.TestSearchAPIForParameterKeyLookup" name="testLookupWithDifferentParams" time="0.135"/>
  <testcase classname="com.apple.developer.itunes.search.api.test.TestSearchAPIForParameterKeyLookup" name="testLookupWithDifferentParams" time="0.145"/>
  <testcase classname="com.apple.developer.itunes.search.api.test.TestSearchAPIForParameterKeyLookup" name="testLookupWithDifferentParams" time="0.129"/>
  <testcase classname="com.apple.developer.itunes.search.api.test.TestSearchAPIForParameterKeyLookup" name="testLookupWithDifferentParams" time="0.131"/>
  <testcase classname="com.apple.developer.itunes.search.api.test.TestSearchAPIForParameterKeyLookup" name="testLookupWithDifferentParams" time="0.115"/>
  <testcase classname="com.apple.developer.itunes.search.api.test.TestSearchAPIForParameterKeyLookup" name="testLookupWithDifferentParams" time="0.170"/>
</testsuite> <!-- com.apple.developer.itunes.search.api.test.TestSearchAPIForParameterKeyLookup -->
