<?xml version="1.0" encoding="UTF-8"?>
<!-- Generated by org.testng.reporters.JUnitReportReporter -->
<testsuite hostname="LM0003262" failures="0" tests="9" name="com.apple.developer.itunes.search.api.test.TestSearchAPIForParameterKeyLookup" time="1.990" errors="0" timestamp="2023-07-31T00:34:34 IST" skipped="0">
  <testcase classname="com.apple.developer.itunes.search.api.test.TestSearchAPIForParameterKeyLookup" name="testLookupWithDifferentParams" time="0.155"/>
  <testcase classname="com.apple.developer.itunes.search.api.test.TestSearchAPIForParameterKeyLookup" name="testLookupWithDifferentParams" time="0.104"/>
  <testcase classname="com.apple.developer.itunes.search.api.test.TestSearchAPIForParameterKeyLookup" name="testLookupWithDifferentParams" time="0.117"/>
  <testcase classname="com.apple.developer.itunes.search.api.test.TestSearchAPIForParameterKeyLookup" name="testLookupWithDifferentParams" time="0.156"/>
  <testcase classname="com.apple.developer.itunes.search.api.test.TestSearchAPIForParameterKeyLookup" name="testLookupWithDifferentParams" time="0.722"/>
  <testcase classname="com.apple.developer.itunes.search.api.test.TestSearchAPIForParameterKeyLookup" name="testLookupWithDifferentParams" time="0.202"/>
  <testcase classname="com.apple.developer.itunes.search.api.test.TestSearchAPIForParameterKeyLookup" name="testLookupWithDifferentParams" time="0.222"/>
  <testcase classname="com.apple.developer.itunes.search.api.test.TestSearchAPIForParameterKeyLookup" name="testLookupWithDifferentParams" time="0.134"/>
  <testcase classname="com.apple.developer.itunes.search.api.test.TestSearchAPIForParameterKeyLookup" name="testLookupWithDifferentParams" time="0.178"/>
</testsuite> <!-- com.apple.developer.itunes.search.api.test.TestSearchAPIForParameterKeyLookup -->
