<?xml version="1.0" encoding="UTF-8"?>
<!-- Generated by org.testng.reporters.JUnitReportReporter -->
<testsuite hostname="LM0003262" failures="0" tests="7" name="com.apple.developer.itunes.search.api.test.TestSearchAPIForParameterKeyTerm" time="6.199" errors="0" timestamp="2023-07-30T19:37:30 IST" skipped="0">
  <testcase classname="com.apple.developer.itunes.search.api.test.TestSearchAPIForParameterKeyTerm" name="testSearchWithTerm" time="0.455"/>
  <testcase classname="com.apple.developer.itunes.search.api.test.TestSearchAPIForParameterKeyTerm" name="testSearchWithTerm" time="4.504"/>
  <testcase classname="com.apple.developer.itunes.search.api.test.TestSearchAPIForParameterKeyTerm" name="testSearchWithTerm" time="0.229"/>
  <testcase classname="com.apple.developer.itunes.search.api.test.TestSearchAPIForParameterKeyTerm" name="testSearchWithDifferentParams" time="0.219"/>
  <testcase classname="com.apple.developer.itunes.search.api.test.TestSearchAPIForParameterKeyTerm" name="testSearchWithDifferentParams" time="0.379"/>
  <testcase classname="com.apple.developer.itunes.search.api.test.TestSearchAPIForParameterKeyTerm" name="testSearchWithDifferentParams" time="0.206"/>
  <testcase classname="com.apple.developer.itunes.search.api.test.TestSearchAPIForParameterKeyTerm" name="testSearchWithDifferentParams" time="0.207"/>
</testsuite> <!-- com.apple.developer.itunes.search.api.test.TestSearchAPIForParameterKeyTerm -->
