<?xml version="1.0" encoding="UTF-8"?>
<!-- Generated by org.testng.reporters.JUnitReportReporter -->
<testsuite hostname="LM0003262" failures="0" tests="14" name="com.apple.developer.itunes.search.api.test.TestSearchAPIForParameterKeyTerm" time="7.996" errors="0" timestamp="2023-07-31T16:28:14 IST" skipped="0">
  <testcase classname="com.apple.developer.itunes.search.api.test.TestSearchAPIForParameterKeyTerm" name="testSearchWithDifferentParams" time="0.239"/>
  <testcase classname="com.apple.developer.itunes.search.api.test.TestSearchAPIForParameterKeyTerm" name="testSearchWithDifferentParams" time="0.263"/>
  <testcase classname="com.apple.developer.itunes.search.api.test.TestSearchAPIForParameterKeyTerm" name="testSearchWithDifferentParams" time="5.293"/>
  <testcase classname="com.apple.developer.itunes.search.api.test.TestSearchAPIForParameterKeyTerm" name="testSearchWithDifferentParams" time="0.159"/>
  <testcase classname="com.apple.developer.itunes.search.api.test.TestSearchAPIForParameterKeyTerm" name="testSearchWithDifferentParams" time="0.338"/>
  <testcase classname="com.apple.developer.itunes.search.api.test.TestSearchAPIForParameterKeyTerm" name="testSearchWithDifferentParams" time="0.292"/>
  <testcase classname="com.apple.developer.itunes.search.api.test.TestSearchAPIForParameterKeyTerm" name="testSearchWithDifferentParams" time="0.156"/>
  <testcase classname="com.apple.developer.itunes.search.api.test.TestSearchAPIForParameterKeyTerm" name="testSearchWithDifferentParams" time="0.158"/>
  <testcase classname="com.apple.developer.itunes.search.api.test.TestSearchAPIForParameterKeyTerm" name="testSearchWithDifferentParams" time="0.141"/>
  <testcase classname="com.apple.developer.itunes.search.api.test.TestSearchAPIForParameterKeyTerm" name="testSearchWithDifferentParams" time="0.200"/>
  <testcase classname="com.apple.developer.itunes.search.api.test.TestSearchAPIForParameterKeyTerm" name="testSearchWithDifferentParams" time="0.167"/>
  <testcase classname="com.apple.developer.itunes.search.api.test.TestSearchAPIForParameterKeyTerm" name="testSearchWithDifferentParams" time="0.171"/>
  <testcase classname="com.apple.developer.itunes.search.api.test.TestSearchAPIForParameterKeyTerm" name="testSearchWithDifferentParams" time="0.185"/>
  <testcase classname="com.apple.developer.itunes.search.api.test.TestSearchAPIForParameterKeyTerm" name="testSearchWithDifferentParams" time="0.234"/>
</testsuite> <!-- com.apple.developer.itunes.search.api.test.TestSearchAPIForParameterKeyTerm -->
